2018-04-11 15:23:43,981 [main] DEBUG  - Terminating processes
2018-04-11 15:23:44,096 [main] INFO   - 28789
2018-04-11 15:23:44,097 [main] INFO   - Trying to kill process with pid (s): [28789]
2018-04-11 15:23:44,107 [main] INFO   - No firefox process running
2018-04-11 15:23:44,116 [main] INFO   - 28775
2018-04-11 15:23:44,117 [main] INFO   - Trying to kill process with pid (s): [28775]
2018-04-11 15:23:44,126 [main] INFO   - No firefox process running
2018-04-11 15:23:44,129 [main] INFO   - path: Properties/Common/common-properties.xml
2018-04-11 15:23:44,379 [main] DEBUG  - indexUrl :http://admin:sky@192.168.0.2/sky_index.html
2018-04-11 15:24:57,335 [main] DEBUG  - Terminating processes
2018-04-11 15:24:57,452 [main] INFO   - No firefox process running
2018-04-11 15:24:57,460 [main] INFO   - No firefox process running
2018-04-11 15:24:57,471 [main] INFO   - 43074
2018-04-11 15:24:57,471 [main] INFO   - Trying to kill process with pid (s): [43074]
2018-04-11 15:24:57,482 [main] INFO   - No firefox process running
2018-04-11 15:24:57,486 [main] INFO   - path: Properties/Common/common-properties.xml
2018-04-11 15:24:57,729 [main] DEBUG  - indexUrl :http://admin:sky@192.168.0.2/sky_index.html
2018-04-11 16:10:22,290 [main] DEBUG  - Terminating processes
2018-04-11 16:10:22,373 [main] INFO   - No firefox process running
2018-04-11 16:10:22,382 [main] INFO   - No firefox process running
2018-04-11 16:10:22,391 [main] INFO   - 43268
2018-04-11 16:10:22,391 [main] INFO   - Trying to kill process with pid (s): [43268]
2018-04-11 16:10:22,400 [main] INFO   - No firefox process running
2018-04-11 16:10:22,404 [main] INFO   - path: Properties/Common/common-properties.xml
2018-04-11 16:10:22,636 [main] DEBUG  - indexUrl :http://admin:sky@192.168.0.2/sky_index.html
2018-04-11 16:25:51,046 [main] DEBUG  - Terminating processes
2018-04-11 16:25:51,129 [main] INFO   - No firefox process running
2018-04-11 16:25:51,137 [main] INFO   - No firefox process running
2018-04-11 16:25:51,146 [main] INFO   - 44160
2018-04-11 16:25:51,146 [main] INFO   - Trying to kill process with pid (s): [44160]
2018-04-11 16:25:51,155 [main] INFO   - No firefox process running
2018-04-11 16:25:51,158 [main] INFO   - path: Properties/Common/common-properties.xml
2018-04-11 16:25:51,403 [main] DEBUG  - indexUrl :http://admin:sky@192.168.0.2/sky_index.html
2018-04-11 16:26:54,870 [main] DEBUG  - ************Opening The Browser******************
2018-04-11 16:26:54,871 [main] INFO   - =============================================
2018-04-11 16:26:54,871 [main] INFO   - 
2018-04-11 16:26:54,871 [main] INFO   - [2] ========= [ Test Case Id : GUI-SPEC-11 ]========= [ Testcase Name : 1000.0260 The product shall provide a link that will return the user directly to the GUI home page from every page presented ] =========
2018-04-11 16:26:54,871 [main] INFO   - 
2018-04-11 16:26:54,871 [main] DEBUG  - ######################## Maintenance Page #########################
2018-04-11 16:27:50,995 [main] DEBUG  - Terminating processes
2018-04-11 16:27:51,079 [main] INFO   - 44406
2018-04-11 16:27:51,080 [main] INFO   - Trying to kill process with pid (s): [44406]
2018-04-11 16:27:51,087 [main] INFO   - No firefox process running
2018-04-11 16:27:51,100 [main] INFO   - 44392
2018-04-11 16:27:51,101 [main] INFO   - Trying to kill process with pid (s): [44392]
2018-04-11 16:27:51,110 [main] INFO   - No firefox process running
2018-04-11 16:27:51,112 [main] INFO   - path: Properties/Common/common-properties.xml
2018-04-11 16:27:51,371 [main] DEBUG  - indexUrl :http://admin:sky@192.168.0.2/sky_index.html
2018-04-11 16:28:54,531 [main] DEBUG  - ************Opening The Browser******************
2018-04-11 16:28:54,532 [main] INFO   - =============================================
2018-04-11 16:28:54,532 [main] INFO   - 
2018-04-11 16:28:54,532 [main] INFO   - [2] ========= [ Test Case Id : GUI-SPEC-11 ]========= [ Testcase Name : 1000.0260 The product shall provide a link that will return the user directly to the GUI home page from every page presented ] =========
2018-04-11 16:28:54,532 [main] INFO   - 
2018-04-11 16:28:54,532 [main] DEBUG  - ######################## Maintenance Page #########################
2018-04-11 16:28:55,601 [main] DEBUG  -  Click Home Banner from Router Status page
2018-04-11 16:28:59,083 [main] DEBUG  -  Click Home Banner from Backup Settings page
2018-04-11 16:29:02,334 [main] ERROR  - Failure: Unable to navigate to Set password Page
2018-04-11 16:29:02,334 [main] ERROR  - Unable to navigate to Set Password Page
2018-04-11 16:29:02,334 [main] INFO   -  ==== [ Test Case Id : GUI-SPEC-11 ]==== [ Testcase Name : 1000.0260 The product shall provide a link that will return the user directly to the GUI home page from every page presented ] ====FAIL
Reason for failure :  null

2018-04-11 16:39:49,997 [main] DEBUG  - Terminating processes
2018-04-11 16:39:50,080 [main] INFO   - 44655
2018-04-11 16:39:50,080 [main] INFO   - Trying to kill process with pid (s): [44655]
2018-04-11 16:39:50,090 [main] INFO   - No firefox process running
2018-04-11 16:39:50,098 [main] INFO   - 44641
2018-04-11 16:39:50,099 [main] INFO   - Trying to kill process with pid (s): [44641]
2018-04-11 16:39:50,121 [main] INFO   - No firefox process running
2018-04-11 16:39:50,124 [main] INFO   - path: Properties/Common/common-properties.xml
2018-04-11 16:39:50,387 [main] DEBUG  - indexUrl :http://admin:sky@192.168.0.2/sky_index.html
2018-04-11 16:40:53,863 [main] DEBUG  - ************Opening The Browser******************
2018-04-11 16:40:53,864 [main] INFO   - =============================================
2018-04-11 16:40:53,864 [main] INFO   - 
2018-04-11 16:40:53,864 [main] INFO   - [2] ========= [ Test Case Id : GUI-SPEC-11 ]========= [ Testcase Name : 1000.0260 The product shall provide a link that will return the user directly to the GUI home page from every page presented ] =========
2018-04-11 16:40:53,864 [main] INFO   - 
2018-04-11 16:40:53,864 [main] DEBUG  - ######################## Maintenance Page #########################
2018-04-11 16:40:54,942 [main] DEBUG  -  Click Home Banner from Router Status page
2018-04-11 16:40:58,389 [main] DEBUG  -  Click Home Banner from Backup Settings page
2018-04-11 16:41:01,782 [main] INFO   - 
2018-04-11 16:41:01,799 [main] ERROR  - Failure: Unable to navigate to Set password Page
2018-04-11 16:41:01,799 [main] ERROR  - Unable to navigate to Set Password Page
2018-04-11 16:41:01,799 [main] INFO   -  ==== [ Test Case Id : GUI-SPEC-11 ]==== [ Testcase Name : 1000.0260 The product shall provide a link that will return the user directly to the GUI home page from every page presented ] ====FAIL
Reason for failure :  null

2018-04-11 16:44:33,813 [main] DEBUG  - Terminating processes
2018-04-11 16:44:33,899 [main] INFO   - 44975
2018-04-11 16:44:33,899 [main] INFO   - Trying to kill process with pid (s): [44975]
2018-04-11 16:44:33,909 [main] INFO   - No firefox process running
2018-04-11 16:44:33,918 [main] INFO   - 44961
2018-04-11 16:44:33,918 [main] INFO   - Trying to kill process with pid (s): [44961]
2018-04-11 16:44:33,935 [main] INFO   - No firefox process running
2018-04-11 16:44:33,938 [main] INFO   - path: Properties/Common/common-properties.xml
2018-04-11 16:44:34,186 [main] DEBUG  - indexUrl :http://admin:sky@192.168.0.2/sky_index.html
2018-04-11 16:45:37,571 [main] DEBUG  - ************Opening The Browser******************
2018-04-11 16:45:37,571 [main] INFO   - =============================================
2018-04-11 16:45:37,571 [main] INFO   - 
2018-04-11 16:45:37,571 [main] INFO   - [2] ========= [ Test Case Id : GUI-SPEC-11 ]========= [ Testcase Name : 1000.0260 The product shall provide a link that will return the user directly to the GUI home page from every page presented ] =========
2018-04-11 16:45:37,571 [main] INFO   - 
2018-04-11 16:45:37,571 [main] DEBUG  - ######################## Maintenance Page #########################
2018-04-11 16:45:38,809 [main] DEBUG  -  Click Home Banner from Router Status page
2018-04-11 16:45:42,069 [main] DEBUG  -  Click Home Banner from Backup Settings page
2018-04-11 16:45:45,376 [main] INFO   - Set password
2018-04-11 16:45:45,392 [main] DEBUG  - Clicked Set Password page link
2018-04-11 16:45:45,392 [main] DEBUG  -  Click Home Banner from Set Password page
2018-04-11 16:45:48,593 [main] DEBUG  -  Click Home Banner from Router Upgrade page
2018-04-11 16:45:49,402 [main] DEBUG  - ########################  Wireless Page #########################
2018-04-11 16:46:49,491 [main] ERROR  - org.openqa.selenium.NoSuchElementException: no such element: Unable to locate element: {"method":"xpath","selector":"//*[@id="wireless"]"}
  (Session info: chrome=64.0.3282.167)
  (Driver info: chromedriver=2.35.528139 (47ead77cb35ad2a9a83248b292151462a66cd881),platform=Linux 4.4.0-77-generic x86_64) (WARNING: The server did not provide any stacktrace information)
Command duration or timeout: 0 milliseconds
For documentation on this error, please visit: http://seleniumhq.org/exceptions/no_such_element.html
Build info: version: '3.11.0', revision: 'e59cfb3', time: '2018-03-11T20:26:55.152Z'
System info: host: 'hubautomation2', ip: '127.0.1.1', os.name: 'Linux', os.arch: 'amd64', os.version: '4.4.0-77-generic', java.version: '1.8.0_161'
Driver info: org.openqa.selenium.chrome.ChromeDriver
Capabilities {acceptInsecureCerts: false, acceptSslCerts: false, applicationCacheEnabled: false, browserConnectionEnabled: false, browserName: chrome, chrome: {chromedriverVersion: 2.35.528139 (47ead77cb35ad2..., userDataDir: /tmp/.org.chromium.Chromium...}, cssSelectorsEnabled: true, databaseEnabled: false, handlesAlerts: true, hasTouchScreen: false, javascriptEnabled: true, locationContextEnabled: true, mobileEmulationEnabled: false, nativeEvents: true, networkConnectionEnabled: false, pageLoadStrategy: normal, platform: LINUX, platformName: LINUX, rotatable: false, setWindowRect: true, takesHeapSnapshot: true, takesScreenshot: true, unexpectedAlertBehaviour: , unhandledPromptBehavior: , version: 64.0.3282.167, webStorageEnabled: true}
Session ID: beb4cb4125cfae13ecae2d6b24f4b233
*** Element info: {Using=xpath, value=//*[@id="wireless"]}no such element: Unable to locate element: {"method":"xpath","selector":"//*[@id="wireless"]"}
  (Session info: chrome=64.0.3282.167)
  (Driver info: chromedriver=2.35.528139 (47ead77cb35ad2a9a83248b292151462a66cd881),platform=Linux 4.4.0-77-generic x86_64) (WARNING: The server did not provide any stacktrace information)
Command duration or timeout: 0 milliseconds
For documentation on this error, please visit: http://seleniumhq.org/exceptions/no_such_element.html
Build info: version: '3.11.0', revision: 'e59cfb3', time: '2018-03-11T20:26:55.152Z'
System info: host: 'hubautomation2', ip: '127.0.1.1', os.name: 'Linux', os.arch: 'amd64', os.version: '4.4.0-77-generic', java.version: '1.8.0_161'
Driver info: org.openqa.selenium.chrome.ChromeDriver
Capabilities {acceptInsecureCerts: false, acceptSslCerts: false, applicationCacheEnabled: false, browserConnectionEnabled: false, browserName: chrome, chrome: {chromedriverVersion: 2.35.528139 (47ead77cb35ad2..., userDataDir: /tmp/.org.chromium.Chromium...}, cssSelectorsEnabled: true, databaseEnabled: false, handlesAlerts: true, hasTouchScreen: false, javascriptEnabled: true, locationContextEnabled: true, mobileEmulationEnabled: false, nativeEvents: true, networkConnectionEnabled: false, pageLoadStrategy: normal, platform: LINUX, platformName: LINUX, rotatable: false, setWindowRect: true, takesHeapSnapshot: true, takesScreenshot: true, unexpectedAlertBehaviour: , unhandledPromptBehavior: , version: 64.0.3282.167, webStorageEnabled: true}
Session ID: beb4cb4125cfae13ecae2d6b24f4b233
*** Element info: {Using=xpath, value=//*[@id="wireless"]}
2018-04-11 16:46:49,491 [main] DEBUG  -  Click Home Banner from Wireless Setting page
2018-04-11 16:47:50,257 [main] ERROR  - org.openqa.selenium.NoSuchElementException: no such element: Unable to locate element: {"method":"xpath","selector":"//*[@id="wireless"]"}
  (Session info: chrome=64.0.3282.167)
  (Driver info: chromedriver=2.35.528139 (47ead77cb35ad2a9a83248b292151462a66cd881),platform=Linux 4.4.0-77-generic x86_64) (WARNING: The server did not provide any stacktrace information)
Command duration or timeout: 0 milliseconds
For documentation on this error, please visit: http://seleniumhq.org/exceptions/no_such_element.html
Build info: version: '3.11.0', revision: 'e59cfb3', time: '2018-03-11T20:26:55.152Z'
System info: host: 'hubautomation2', ip: '127.0.1.1', os.name: 'Linux', os.arch: 'amd64', os.version: '4.4.0-77-generic', java.version: '1.8.0_161'
Driver info: org.openqa.selenium.chrome.ChromeDriver
Capabilities {acceptInsecureCerts: false, acceptSslCerts: false, applicationCacheEnabled: false, browserConnectionEnabled: false, browserName: chrome, chrome: {chromedriverVersion: 2.35.528139 (47ead77cb35ad2..., userDataDir: /tmp/.org.chromium.Chromium...}, cssSelectorsEnabled: true, databaseEnabled: false, handlesAlerts: true, hasTouchScreen: false, javascriptEnabled: true, locationContextEnabled: true, mobileEmulationEnabled: false, nativeEvents: true, networkConnectionEnabled: false, pageLoadStrategy: normal, platform: LINUX, platformName: LINUX, rotatable: false, setWindowRect: true, takesHeapSnapshot: true, takesScreenshot: true, unexpectedAlertBehaviour: , unhandledPromptBehavior: , version: 64.0.3282.167, webStorageEnabled: true}
Session ID: beb4cb4125cfae13ecae2d6b24f4b233
*** Element info: {Using=xpath, value=//*[@id="wireless"]}no such element: Unable to locate element: {"method":"xpath","selector":"//*[@id="wireless"]"}
  (Session info: chrome=64.0.3282.167)
  (Driver info: chromedriver=2.35.528139 (47ead77cb35ad2a9a83248b292151462a66cd881),platform=Linux 4.4.0-77-generic x86_64) (WARNING: The server did not provide any stacktrace information)
Command duration or timeout: 0 milliseconds
For documentation on this error, please visit: http://seleniumhq.org/exceptions/no_such_element.html
Build info: version: '3.11.0', revision: 'e59cfb3', time: '2018-03-11T20:26:55.152Z'
System info: host: 'hubautomation2', ip: '127.0.1.1', os.name: 'Linux', os.arch: 'amd64', os.version: '4.4.0-77-generic', java.version: '1.8.0_161'
Driver info: org.openqa.selenium.chrome.ChromeDriver
Capabilities {acceptInsecureCerts: false, acceptSslCerts: false, applicationCacheEnabled: false, browserConnectionEnabled: false, browserName: chrome, chrome: {chromedriverVersion: 2.35.528139 (47ead77cb35ad2..., userDataDir: /tmp/.org.chromium.Chromium...}, cssSelectorsEnabled: true, databaseEnabled: false, handlesAlerts: true, hasTouchScreen: false, javascriptEnabled: true, locationContextEnabled: true, mobileEmulationEnabled: false, nativeEvents: true, networkConnectionEnabled: false, pageLoadStrategy: normal, platform: LINUX, platformName: LINUX, rotatable: false, setWindowRect: true, takesHeapSnapshot: true, takesScreenshot: true, unexpectedAlertBehaviour: , unhandledPromptBehavior: , version: 64.0.3282.167, webStorageEnabled: true}
Session ID: beb4cb4125cfae13ecae2d6b24f4b233
*** Element info: {Using=xpath, value=//*[@id="wireless"]}
2018-04-11 16:47:50,257 [main] DEBUG  -  Click Home Banner from Wireless Setting page
2018-04-11 16:48:51,070 [main] ERROR  - org.openqa.selenium.NoSuchElementException: no such element: Unable to locate element: {"method":"xpath","selector":"//*[@id="wireless"]"}
  (Session info: chrome=64.0.3282.167)
  (Driver info: chromedriver=2.35.528139 (47ead77cb35ad2a9a83248b292151462a66cd881),platform=Linux 4.4.0-77-generic x86_64) (WARNING: The server did not provide any stacktrace information)
Command duration or timeout: 0 milliseconds
For documentation on this error, please visit: http://seleniumhq.org/exceptions/no_such_element.html
Build info: version: '3.11.0', revision: 'e59cfb3', time: '2018-03-11T20:26:55.152Z'
System info: host: 'hubautomation2', ip: '127.0.1.1', os.name: 'Linux', os.arch: 'amd64', os.version: '4.4.0-77-generic', java.version: '1.8.0_161'
Driver info: org.openqa.selenium.chrome.ChromeDriver
Capabilities {acceptInsecureCerts: false, acceptSslCerts: false, applicationCacheEnabled: false, browserConnectionEnabled: false, browserName: chrome, chrome: {chromedriverVersion: 2.35.528139 (47ead77cb35ad2..., userDataDir: /tmp/.org.chromium.Chromium...}, cssSelectorsEnabled: true, databaseEnabled: false, handlesAlerts: true, hasTouchScreen: false, javascriptEnabled: true, locationContextEnabled: true, mobileEmulationEnabled: false, nativeEvents: true, networkConnectionEnabled: false, pageLoadStrategy: normal, platform: LINUX, platformName: LINUX, rotatable: false, setWindowRect: true, takesHeapSnapshot: true, takesScreenshot: true, unexpectedAlertBehaviour: , unhandledPromptBehavior: , version: 64.0.3282.167, webStorageEnabled: true}
Session ID: beb4cb4125cfae13ecae2d6b24f4b233
*** Element info: {Using=xpath, value=//*[@id="wireless"]}no such element: Unable to locate element: {"method":"xpath","selector":"//*[@id="wireless"]"}
  (Session info: chrome=64.0.3282.167)
  (Driver info: chromedriver=2.35.528139 (47ead77cb35ad2a9a83248b292151462a66cd881),platform=Linux 4.4.0-77-generic x86_64) (WARNING: The server did not provide any stacktrace information)
Command duration or timeout: 0 milliseconds
For documentation on this error, please visit: http://seleniumhq.org/exceptions/no_such_element.html
Build info: version: '3.11.0', revision: 'e59cfb3', time: '2018-03-11T20:26:55.152Z'
System info: host: 'hubautomation2', ip: '127.0.1.1', os.name: 'Linux', os.arch: 'amd64', os.version: '4.4.0-77-generic', java.version: '1.8.0_161'
Driver info: org.openqa.selenium.chrome.ChromeDriver
Capabilities {acceptInsecureCerts: false, acceptSslCerts: false, applicationCacheEnabled: false, browserConnectionEnabled: false, browserName: chrome, chrome: {chromedriverVersion: 2.35.528139 (47ead77cb35ad2..., userDataDir: /tmp/.org.chromium.Chromium...}, cssSelectorsEnabled: true, databaseEnabled: false, handlesAlerts: true, hasTouchScreen: false, javascriptEnabled: true, locationContextEnabled: true, mobileEmulationEnabled: false, nativeEvents: true, networkConnectionEnabled: false, pageLoadStrategy: normal, platform: LINUX, platformName: LINUX, rotatable: false, setWindowRect: true, takesHeapSnapshot: true, takesScreenshot: true, unexpectedAlertBehaviour: , unhandledPromptBehavior: , version: 64.0.3282.167, webStorageEnabled: true}
Session ID: beb4cb4125cfae13ecae2d6b24f4b233
*** Element info: {Using=xpath, value=//*[@id="wireless"]}
2018-04-11 16:50:03,117 [main] ERROR  - org.openqa.selenium.NoSuchElementException: no such element: Unable to locate element: {"method":"xpath","selector":"//*[@id="wireless"]"}
  (Session info: chrome=64.0.3282.167)
  (Driver info: chromedriver=2.35.528139 (47ead77cb35ad2a9a83248b292151462a66cd881),platform=Linux 4.4.0-77-generic x86_64) (WARNING: The server did not provide any stacktrace information)
Command duration or timeout: 0 milliseconds
For documentation on this error, please visit: http://seleniumhq.org/exceptions/no_such_element.html
Build info: version: '3.11.0', revision: 'e59cfb3', time: '2018-03-11T20:26:55.152Z'
System info: host: 'hubautomation2', ip: '127.0.1.1', os.name: 'Linux', os.arch: 'amd64', os.version: '4.4.0-77-generic', java.version: '1.8.0_161'
Driver info: org.openqa.selenium.chrome.ChromeDriver
Capabilities {acceptInsecureCerts: false, acceptSslCerts: false, applicationCacheEnabled: false, browserConnectionEnabled: false, browserName: chrome, chrome: {chromedriverVersion: 2.35.528139 (47ead77cb35ad2..., userDataDir: /tmp/.org.chromium.Chromium...}, cssSelectorsEnabled: true, databaseEnabled: false, handlesAlerts: true, hasTouchScreen: false, javascriptEnabled: true, locationContextEnabled: true, mobileEmulationEnabled: false, nativeEvents: true, networkConnectionEnabled: false, pageLoadStrategy: normal, platform: LINUX, platformName: LINUX, rotatable: false, setWindowRect: true, takesHeapSnapshot: true, takesScreenshot: true, unexpectedAlertBehaviour: , unhandledPromptBehavior: , version: 64.0.3282.167, webStorageEnabled: true}
Session ID: beb4cb4125cfae13ecae2d6b24f4b233
*** Element info: {Using=xpath, value=//*[@id="wireless"]}no such element: Unable to locate element: {"method":"xpath","selector":"//*[@id="wireless"]"}
  (Session info: chrome=64.0.3282.167)
  (Driver info: chromedriver=2.35.528139 (47ead77cb35ad2a9a83248b292151462a66cd881),platform=Linux 4.4.0-77-generic x86_64) (WARNING: The server did not provide any stacktrace information)
Command duration or timeout: 0 milliseconds
For documentation on this error, please visit: http://seleniumhq.org/exceptions/no_such_element.html
Build info: version: '3.11.0', revision: 'e59cfb3', time: '2018-03-11T20:26:55.152Z'
System info: host: 'hubautomation2', ip: '127.0.1.1', os.name: 'Linux', os.arch: 'amd64', os.version: '4.4.0-77-generic', java.version: '1.8.0_161'
Driver info: org.openqa.selenium.chrome.ChromeDriver
Capabilities {acceptInsecureCerts: false, acceptSslCerts: false, applicationCacheEnabled: false, browserConnectionEnabled: false, browserName: chrome, chrome: {chromedriverVersion: 2.35.528139 (47ead77cb35ad2..., userDataDir: /tmp/.org.chromium.Chromium...}, cssSelectorsEnabled: true, databaseEnabled: false, handlesAlerts: true, hasTouchScreen: false, javascriptEnabled: true, locationContextEnabled: true, mobileEmulationEnabled: false, nativeEvents: true, networkConnectionEnabled: false, pageLoadStrategy: normal, platform: LINUX, platformName: LINUX, rotatable: false, setWindowRect: true, takesHeapSnapshot: true, takesScreenshot: true, unexpectedAlertBehaviour: , unhandledPromptBehavior: , version: 64.0.3282.167, webStorageEnabled: true}
Session ID: beb4cb4125cfae13ecae2d6b24f4b233
*** Element info: {Using=xpath, value=//*[@id="wireless"]}
2018-04-11 16:52:05,820 [main] DEBUG  - Terminating processes
2018-04-11 16:52:05,907 [main] INFO   - 45288
2018-04-11 16:52:05,907 [main] INFO   - Trying to kill process with pid (s): [45288]
2018-04-11 16:52:05,916 [main] INFO   - No firefox process running
2018-04-11 16:52:05,929 [main] INFO   - 45274
2018-04-11 16:52:05,929 [main] INFO   - Trying to kill process with pid (s): [45274]
2018-04-11 16:52:05,939 [main] INFO   - No firefox process running
2018-04-11 16:52:05,942 [main] INFO   - path: Properties/Common/common-properties.xml
2018-04-11 16:52:06,181 [main] DEBUG  - indexUrl :http://admin:sky@192.168.0.2/sky_index.html
2018-04-11 16:53:09,317 [main] DEBUG  - ************Opening The Browser******************
2018-04-11 16:53:09,317 [main] INFO   - =============================================
2018-04-11 16:53:09,317 [main] INFO   - 
2018-04-11 16:53:09,317 [main] INFO   - [2] ========= [ Test Case Id : GUI-SPEC-11 ]========= [ Testcase Name : 1000.0260 The product shall provide a link that will return the user directly to the GUI home page from every page presented ] =========
2018-04-11 16:53:09,317 [main] INFO   - 
2018-04-11 16:53:09,317 [main] DEBUG  - ######################## Maintenance Page #########################
2018-04-11 16:53:10,173 [main] DEBUG  -  Click Home Banner from Router Status page
2018-04-11 16:53:13,367 [main] DEBUG  -  Click Home Banner from Backup Settings page
2018-04-11 16:53:16,681 [main] INFO   - Set password
2018-04-11 16:53:16,694 [main] DEBUG  - Clicked Set Password page link
2018-04-11 16:53:16,695 [main] DEBUG  -  Click Home Banner from Set Password page
2018-04-11 16:53:19,834 [main] DEBUG  -  Click Home Banner from Router Upgrade page
2018-04-11 16:53:20,652 [main] DEBUG  - ########################  Wireless Page #########################
2018-04-11 16:53:21,276 [main] DEBUG  -  Click Home Banner from Wireless Setting page
2018-04-11 16:53:23,610 [main] ERROR  - Failure: Unable to navigate to Wireless 5Ghz Page
2018-04-11 16:53:23,610 [main] ERROR  - Unable to navigate to Wireless 5GHz Page
2018-04-11 16:53:23,610 [main] INFO   -  ==== [ Test Case Id : GUI-SPEC-11 ]==== [ Testcase Name : 1000.0260 The product shall provide a link that will return the user directly to the GUI home page from every page presented ] ====FAIL
Reason for failure :  null

2018-04-11 16:56:43,252 [main] DEBUG  - Terminating processes
2018-04-11 16:56:43,356 [main] INFO   - 45602
2018-04-11 16:56:43,356 [main] INFO   - Trying to kill process with pid (s): [45602]
2018-04-11 16:56:43,366 [main] INFO   - No firefox process running
2018-04-11 16:56:43,379 [main] INFO   - 45588
2018-04-11 16:56:43,380 [main] INFO   - Trying to kill process with pid (s): [45588]
2018-04-11 16:56:43,391 [main] INFO   - No firefox process running
2018-04-11 16:56:43,394 [main] INFO   - path: Properties/Common/common-properties.xml
2018-04-11 16:56:43,644 [main] DEBUG  - indexUrl :http://admin:sky@192.168.0.2/sky_index.html
2018-04-11 16:57:47,031 [main] DEBUG  - ************Opening The Browser******************
2018-04-11 16:57:47,032 [main] INFO   - =============================================
2018-04-11 16:57:47,032 [main] INFO   - 
2018-04-11 16:57:47,032 [main] INFO   - [2] ========= [ Test Case Id : GUI-SPEC-11 ]========= [ Testcase Name : 1000.0260 The product shall provide a link that will return the user directly to the GUI home page from every page presented ] =========
2018-04-11 16:57:47,032 [main] INFO   - 
2018-04-11 16:57:47,032 [main] DEBUG  - ######################## Maintenance Page #########################
2018-04-11 16:57:48,094 [main] DEBUG  -  Click Home Banner from Router Status page
2018-04-11 16:57:51,652 [main] DEBUG  -  Click Home Banner from Backup Settings page
2018-04-11 16:57:55,214 [main] INFO   - Set password
2018-04-11 16:57:55,231 [main] DEBUG  - Clicked Set Password page link
2018-04-11 16:57:55,232 [main] DEBUG  -  Click Home Banner from Set Password page
2018-04-11 16:57:58,378 [main] DEBUG  -  Click Home Banner from Router Upgrade page
2018-04-11 16:57:59,191 [main] DEBUG  - ########################  Wireless Page #########################
2018-04-11 16:58:00,135 [main] DEBUG  -  Click Home Banner from Wireless Setting page
2018-04-11 16:58:04,118 [main] DEBUG  -  Click Home Banner from Wireless Setting page
2018-04-11 16:58:07,115 [main] ERROR  - Failure: Unable to navigate to Wireless Page
2018-04-11 16:58:07,116 [main] ERROR  - Unable to navigate to Wireless Page
2018-04-11 16:58:07,116 [main] INFO   -  ==== [ Test Case Id : GUI-SPEC-11 ]==== [ Testcase Name : 1000.0260 The product shall provide a link that will return the user directly to the GUI home page from every page presented ] ====FAIL
Reason for failure :  null

2018-04-11 17:12:04,848 [main] DEBUG  - Terminating processes
2018-04-11 17:12:04,930 [main] INFO   - 45894
2018-04-11 17:12:04,930 [main] INFO   - Trying to kill process with pid (s): [45894]
2018-04-11 17:12:04,940 [main] INFO   - No firefox process running
2018-04-11 17:12:04,949 [main] INFO   - 45880
2018-04-11 17:12:04,949 [main] INFO   - Trying to kill process with pid (s): [45880]
2018-04-11 17:12:04,958 [main] INFO   - No firefox process running
2018-04-11 17:12:04,960 [main] INFO   - path: Properties/Common/common-properties.xml
2018-04-11 17:12:05,198 [main] DEBUG  - indexUrl :http://admin:sky@192.168.0.2/sky_index.html
2018-04-11 17:13:08,440 [main] DEBUG  - ************Opening The Browser******************
2018-04-11 17:13:08,440 [main] INFO   - =============================================
2018-04-11 17:13:08,441 [main] INFO   - 
2018-04-11 17:13:08,441 [main] INFO   - [2] ========= [ Test Case Id : GUI-SPEC-11 ]========= [ Testcase Name : 1000.0260 The product shall provide a link that will return the user directly to the GUI home page from every page presented ] =========
2018-04-11 17:13:08,441 [main] INFO   - 
2018-04-11 17:13:08,441 [main] DEBUG  - ######################## Maintenance Page #########################
2018-04-11 17:13:09,604 [main] DEBUG  -  Click Home Banner from Router Status page
2018-04-11 17:13:12,976 [main] DEBUG  -  Click Home Banner from Backup Settings page
2018-04-11 17:13:16,398 [main] INFO   - Set password
2018-04-11 17:13:16,417 [main] DEBUG  - Clicked Set Password page link
2018-04-11 17:13:16,417 [main] DEBUG  -  Click Home Banner from Set Password page
2018-04-11 17:13:19,786 [main] DEBUG  -  Click Home Banner from Router Upgrade page
2018-04-11 17:13:20,603 [main] DEBUG  - ########################  Wireless Page #########################
2018-04-11 17:13:21,402 [main] DEBUG  -  Click Home Banner from Wireless Setting page
2018-04-11 17:13:24,992 [main] DEBUG  -  Click Home Banner from Wireless Setting page
2018-04-11 17:13:27,903 [main] ERROR  - Failure: Unable to navigate to Wireless Page
2018-04-11 17:13:27,903 [main] ERROR  - Unable to navigate to Wireless Page
2018-04-11 17:13:27,903 [main] INFO   -  ==== [ Test Case Id : GUI-SPEC-11 ]==== [ Testcase Name : 1000.0260 The product shall provide a link that will return the user directly to the GUI home page from every page presented ] ====FAIL
Reason for failure :  null

2018-04-11 17:18:03,291 [main] DEBUG  - Terminating processes
2018-04-11 17:18:03,372 [main] INFO   - 46232
2018-04-11 17:18:03,373 [main] INFO   - Trying to kill process with pid (s): [46232]
2018-04-11 17:18:03,381 [main] INFO   - No firefox process running
2018-04-11 17:18:03,393 [main] INFO   - 46218
2018-04-11 17:18:03,394 [main] INFO   - Trying to kill process with pid (s): [46218]
2018-04-11 17:18:03,405 [main] INFO   - No firefox process running
2018-04-11 17:18:03,408 [main] INFO   - path: Properties/Common/common-properties.xml
2018-04-11 17:18:03,645 [main] DEBUG  - indexUrl :http://admin:sky@192.168.0.2/sky_index.html
2018-04-11 17:19:07,008 [main] DEBUG  - ************Opening The Browser******************
2018-04-11 17:19:07,009 [main] INFO   - =============================================
2018-04-11 17:19:07,009 [main] INFO   - 
2018-04-11 17:19:07,009 [main] INFO   - [2] ========= [ Test Case Id : GUI-SPEC-11 ]========= [ Testcase Name : 1000.0260 The product shall provide a link that will return the user directly to the GUI home page from every page presented ] =========
2018-04-11 17:19:07,009 [main] INFO   - 
2018-04-11 17:19:07,009 [main] DEBUG  - ######################## Maintenance Page #########################
2018-04-11 17:19:08,140 [main] DEBUG  -  Click Home Banner from Router Status page
2018-04-11 17:19:12,010 [main] DEBUG  -  Click Home Banner from Backup Settings page
2018-04-11 17:19:15,430 [main] INFO   - Set password
2018-04-11 17:19:15,442 [main] DEBUG  - Clicked Set Password page link
2018-04-11 17:19:15,442 [main] DEBUG  -  Click Home Banner from Set Password page
2018-04-11 17:19:18,779 [main] DEBUG  -  Click Home Banner from Router Upgrade page
2018-04-11 17:19:19,535 [main] DEBUG  - ########################  Wireless Page #########################
2018-04-11 17:19:21,614 [main] ERROR  - Failure: Unable to navigate to Wireless Page
2018-04-11 17:19:21,614 [main] ERROR  - Unable to navigate to Wireless Page
2018-04-11 17:19:21,614 [main] INFO   -  ==== [ Test Case Id : GUI-SPEC-11 ]==== [ Testcase Name : 1000.0260 The product shall provide a link that will return the user directly to the GUI home page from every page presented ] ====FAIL
Reason for failure :  null

2018-04-11 17:30:24,880 [main] DEBUG  - Terminating processes
2018-04-11 17:30:24,964 [main] INFO   - 46519
2018-04-11 17:30:24,964 [main] INFO   - Trying to kill process with pid (s): [46519]
2018-04-11 17:30:24,976 [main] INFO   - No firefox process running
2018-04-11 17:30:24,985 [main] INFO   - 46505
2018-04-11 17:30:24,985 [main] INFO   - Trying to kill process with pid (s): [46505]
2018-04-11 17:30:24,997 [main] INFO   - No firefox process running
2018-04-11 17:30:25,000 [main] INFO   - path: Properties/Common/common-properties.xml
2018-04-11 17:30:25,240 [main] DEBUG  - indexUrl :http://admin:sky@192.168.0.2/sky_index.html
2018-04-11 17:31:28,576 [main] DEBUG  - ************Opening The Browser******************
2018-04-11 17:31:28,576 [main] INFO   - =============================================
2018-04-11 17:31:28,576 [main] INFO   - 
2018-04-11 17:31:28,576 [main] INFO   - [2] ========= [ Test Case Id : GUI-SPEC-11 ]========= [ Testcase Name : 1000.0260 The product shall provide a link that will return the user directly to the GUI home page from every page presented ] =========
2018-04-11 17:31:28,577 [main] INFO   - 
2018-04-11 17:31:28,577 [main] DEBUG  - ######################## Maintenance Page #########################
2018-04-11 17:31:29,509 [main] DEBUG  -  Click Home Banner from Router Status page
2018-04-11 17:31:32,849 [main] DEBUG  -  Click Home Banner from Backup Settings page
2018-04-11 17:31:36,014 [main] INFO   - Set password
2018-04-11 17:31:36,026 [main] DEBUG  - Clicked Set Password page link
2018-04-11 17:31:36,026 [main] DEBUG  -  Click Home Banner from Set Password page
2018-04-11 17:31:39,503 [main] DEBUG  -  Click Home Banner from Router Upgrade page
2018-04-11 17:31:40,188 [main] DEBUG  - ########################  Wireless Page #########################
2018-04-11 17:31:40,994 [main] DEBUG  -  Click Home Banner from Wireless Setting page
2018-04-11 17:31:44,720 [main] DEBUG  -  Click Home Banner from Wireless Setting page
2018-04-11 17:32:00,319 [main] DEBUG  -  Click Home Banner from Add WPS Client page
2018-04-11 17:32:01,001 [main] DEBUG  - ########################  Security Page #########################
2018-04-11 17:32:01,002 [main] DEBUG  - Security Page is not available for Extender hence Ignored
2018-04-11 17:32:01,002 [main] DEBUG  - ########################  Diagnostics Page #########################
